<?xml version="1.0" encoding="UTF-8"?>
<!-- Generated by org.testng.reporters.JUnitReportReporter -->
<testsuite hostname="DESKTOP-JC5UOC0" failures="0" tests="1" name="tests.LaunchBrowser" time="0.011" errors="0" timestamp="2023-12-23T16:37:10 IST" skipped="0">
  <testcase classname="tests.LaunchBrowser" name="tc1" time="0.011"/>
  <system-out/>
</testsuite> <!-- tests.LaunchBrowser -->
