<?xml version="1.0" encoding="UTF-8"?>
<!-- Generated by org.testng.reporters.JUnitReportReporter -->
<testsuite hostname="DESKTOP-JC5UOC0" failures="0" tests="1" name="sample_tests.Test1" time="0.674" errors="0" timestamp="2023-12-23T19:39:54 IST" skipped="0">
  <testcase classname="sample_tests.Test1" name="test1" time="0.674"/>
  <system-out/>
</testsuite> <!-- sample_tests.Test1 -->
