<?xml version="1.0" encoding="UTF-8"?>
<!-- Generated by org.testng.reporters.JUnitReportReporter -->
<testsuite hostname="DESKTOP-JC5UOC0" failures="0" tests="1" name="tests.Test2" time="0.021" errors="0" timestamp="2023-12-23T16:28:43 IST" skipped="0">
  <testcase classname="tests.Test2" name="tc2" time="0.021"/>
  <system-out/>
</testsuite> <!-- tests.Test2 -->
