<?xml version="1.0" encoding="UTF-8"?>
<!-- Generated by org.testng.reporters.JUnitReportReporter -->
<testsuite hostname="DESKTOP-JC5UOC0" failures="0" tests="1" name="textboxTests.SubmitFormTest" time="1.434" errors="0" timestamp="2023-12-23T20:51:10 IST" skipped="0">
  <testcase classname="textboxTests.SubmitFormTest" name="SubmitForm_TC" time="1.434"/>
  <system-out/>
</testsuite> <!-- textboxTests.SubmitFormTest -->
